This is TeX, C Version 3.141 (format=plain 92.11.5)  29 DEC 1992 13:12
**gcc.texinfo
(gcc.texinfo (texinfo.tex Loading texinfo package [Version 2.1]:  Basics,
\bindingoffset=\dimen16
\normaloffset=\dimen17
\pagewidth=\dimen18
\pageheight=\dimen19
\cornerlong=\dimen20
\cornerthick=\dimen21
\topandbottommargin=\dimen22
\outerhsize=\dimen23
\outervsize=\dimen24
\EMsimple=\toks12
\singlespaceskip=\skip18

fonts,
\fontdepth=\count26
\tclosesave=\dimen25
\tcloserm=\dimen26
 page headings,
\titlepagetopglue=\skip19
\titlepagebottomglue=\skip20
\realeverypar=\toks13
\evenheadline=\toks14
\oddheadline=\toks15
\evenfootline=\toks16
\oddfootline=\toks17
 tables,
\tableindent=\dimen27
\itemindent=\dimen28
\itemmargin=\dimen29
\itemmax=\dimen30
\itemno=\count27
 indexing,
\initialskipamount=\skip21
\secondaryindent=\skip22
\partialpage=\box16
\doublecolumnhsize=\dimen31
\doublecolumnvsize=\dimen32
\availdimen@=\dimen33
 sectioning,
\chapno=\count28
\secno=\count29
\subsecno=\count30
\subsubsecno=\count31
\appendixno=\count32
\contentsfile=\write0
\chapheadingskip=\skip23
\subsecheadingskip=\skip24
\secheadingskip=\skip25
 toc printing,
\tocindent=\dimen34

environments,
\dblarrowbox=\box17
\longdblarrowbox=\box18
\pushcharbox=\box19
\bullbox=\box20
\equivbox=\box21
\errorbox=\box22
\lispnarrowing=\skip26
\aboveenvskipamount=\skip27
 defuns,
\defbodyindent=\skip28
\defargsindent=\skip29
\deftypemargin=\skip30
\deflastargmargin=\skip31
\parencount=\count33
 cross reference,
\auxfile=\write1
\footnoteno=\count34
 and turning on texinfo input format.)
(gcc.aux)
@cpindfile=@write2
@fnindfile=@write3
@vrindfile=@write4
@tpindfile=@write5
@kyindfile=@write6
@pgindfile=@write7
 [1] [2] (GNU GENERAL PUBLIC LICENSE) [1] [2] [3] [4] [5]
(Contributors to GNU CC) [6] Chapter 1 [7] [8] [9] [10] Chapter 2 [11] [12]
[13] [14] [15] [16] [17] [18] [19] [20] [21] [22] [23] [24] [25] Chapter 3
[26] [27] [28] [29] [30] [31] [32] [33] [34] [35] [36] [37] [38] [39] [40]
Chapter 4 [41] [42] [43] Chapter 5 [44] Chapter 6 [45] [46] [47] [48] [49]
Chapter 7 [50] [51] [52] [53] [54] [55] [56] [57] [58] [59] [60] [61] [62]
[63] [64] [65] [66] [67] [68] Chapter 8 [69] [70] [71] [72] [73] [74] [75]
Chapter 9 [76] Chapter 10 [77] [78] [79] Chapter 11 [80] [81] [82] [83]
[84] Chapter 12 [85] [86] [87] [88] [89] [90] [91] [92] [93] [94] [95] [96]
[97] [98] [99] [100] [101] [102] [103] [104] [105] [106] [107] [108] [109]
[110] [111] [112] [113] [114] Chapter 13 [115] [116] [117] [118] [119] [120]
[121] [122] [123] [124] [125] [126] [127] [128] [129] [130] [131] [132]
[133] [134] [135] [136] [137] [138] [139] [140] [141] [142] [143] [144]
[145] [146] Chapter 14 [147] [148] [149] [150] [151] [152] [153] [154] [155]
[156] [157] [158] [159] [160] [161] [162] [163] [164] [165] [166] [167]
[168] [169] [170] [171] [172] [173] [174] [175] [176] [177] [178] [179]
[180] [181] [182] [183] [184] [185] [186] [187] [188] Chapter 15 [189] [190]
[191] [192] (gcc.toc [-1] [-2]) [-3] [-4] ) 
Here is how much of TeX's memory you used:
 811 strings out of 13041
 8825 string characters out of 96249
 23980 words of memory out of 262141
 1694 multiletter control sequences out of 9500
 22679 words of font info for 76 fonts, out of 100000 for 255
 18 hyphenation exceptions out of 607
 12i,6n,10p,221b,120s stack positions out of 300i,40n,60p,3000b,4000s

Output written on gcc.dvi (198 pages, 551312 bytes).
