30-Jun-93 9:14  grog      grol created
30-Jun-93 9:14  grog      [txt]grufill_c detected
30-Jun-93 9:14  grog      [cp]gruobot_c detected
30-Jun-93 9:14  grog      [txt]grumx2e_c detected
30-Jun-93 9:14  grog      [cp]grroebh_c detected
30-Jun-93 9:14  grog      [sc]gruobot_c detected
30-Jun-93 9:14  grog      [sc]grroebh_c detected
30-Jun-93 9:14  grog      [txt]grrbob_c detected
30-Jun-93 9:14  grog      [cp]grufill_c detected
30-Jun-93 9:14  grog      [txt]grprx0_c detected
30-Jun-93 9:14  grog      [sc]grufill_c detected
30-Jun-93 9:14  grog      [cp]grumx2e_c detected
30-Jun-93 9:14  grog      [sc]grumx2e_c detected
30-Jun-93 9:14  grog      [txt]grnbom_c detected
30-Jun-93 9:14  grog      [cp]grrbob_c detected
30-Jun-93 9:14  grog      [sc]grrbob_c detected
30-Jun-93 9:14  grog      [cp]grprx0_c detected
30-Jun-93 9:14  grog      [sc]grprx0_c detected
30-Jun-93 9:14  grog      [cp]grnbom_c detected
30-Jun-93 9:14  grog      [sc]grnbom_c detected
30-Jun-93 9:14  grog      [txt]grrbs2_c detected
30-Jun-93 9:14  grog      [cp]grrbs2_c detected
30-Jun-93 9:14  grog      [sc]grrbs2_c detected
30-Jun-93 9:14  grog      [txt]grrfill_c detected
30-Jun-93 9:14  grog      [txt]grpli_c detected
30-Jun-93 9:14  grog      [cp]grrfill_c detected
30-Jun-93 9:14  grog      [cp]grpli_c detected
30-Jun-93 9:14  grog      [sc]grrfill_c detected
30-Jun-93 9:14  grog      [sc]grpli_c detected
30-Jun-93 9:14  grog      [txt]grmbt_c detected
30-Jun-93 9:14  grog      [cp]grmbt_c detected
30-Jun-93 9:14  grog      [sc]grmbt_c detected
30-Jun-93 9:14  grog      [txt]grumf_c detected
30-Jun-93 9:14  grog      [txt]grumx2et_c detected
30-Jun-93 9:14  grog      [cp]grumf_c detected
30-Jun-93 9:14  grog      [sc]grumf_c detected
30-Jun-93 9:14  grog      [txt]gruobfo_c detected
30-Jun-93 9:14  grog      [cp]grumx2et_c detected
30-Jun-93 9:14  grog      [sc]grumx2et_c detected
30-Jun-93 9:14  grog      [cp]gruobfo_c detected
30-Jun-93 9:14  grog      [sc]gruobfo_c detected
30-Jun-93 9:14  grog      [txt]grprw3_c detected
30-Jun-93 9:14  grog      [txt]grmrw2_c detected
30-Jun-93 9:14  grog      [cp]grprw3_c detected
30-Jun-93 9:14  grog      [sc]grprw3_c detected
30-Jun-93 9:14  grog      [cp]grmrw2_c detected
30-Jun-93 9:14  grog      [sc]grmrw2_c detected
30-Jun-93 9:14  grog      [txt]grpbs_c detected
30-Jun-93 9:14  grog      [txt]grprx1_c detected
30-Jun-93 9:14  grog      [cp]grpbs_c detected
30-Jun-93 9:14  grog      [txt]grmrx0_c detected
30-Jun-93 9:14  grog      [sc]grpbs_c detected
30-Jun-93 9:14  grog      [cp]grprx1_c detected
30-Jun-93 9:14  grog      [sc]grprx1_c detected
30-Jun-93 9:14  grog      [cp]grmrx0_c detected
30-Jun-93 9:14  grog      [sc]grmrx0_c detected
30-Jun-93 9:14  grog      [txt]gruobfh_c detected
30-Jun-93 9:14  grog      [txt]grrbs3_c detected
30-Jun-93 9:14  grog      [cp]gruobfh_c detected
30-Jun-93 9:14  grog      [sc]gruobfh_c detected
30-Jun-93 9:14  grog      [cp]grrbs3_c detected
30-Jun-93 9:14  grog      [sc]grrbs3_c detected
30-Jun-93 9:14  grog      [txt]grmrs_c detected
30-Jun-93 9:14  grog      [txt]grmfeed_c detected
30-Jun-93 9:14  grog      [cp]grmrs_c detected
30-Jun-93 9:14  grog      [cp]grmfeed_c detected
30-Jun-93 9:14  grog      [sc]grmrs_c detected
30-Jun-93 9:14  grog      [sc]grmfeed_c detected
30-Jun-93 9:14  grog      [txt]grmobh_c detected
30-Jun-93 9:14  grog      [cp]grmobh_c detected
30-Jun-93 9:14  grog      [sc]grmobh_c detected
30-Jun-93 9:14  grog      [txt]grmmx_c detected
30-Jun-93 9:14  grog      [txt]grroth_c detected
30-Jun-93 9:14  grog      [cp]grmmx_c detected
30-Jun-93 9:14  grog      [sc]grmmx_c detected
30-Jun-93 9:14  grog      [cp]grroth_c detected
30-Jun-93 9:14  grog      [txt]gruobet_c detected
30-Jun-93 9:14  grog      [sc]grroth_c detected
30-Jun-93 9:14  grog      [txt]grpob_c detected
30-Jun-93 9:14  grog      [cp]gruobet_c detected
30-Jun-93 9:14  grog      [sc]gruobet_c detected
30-Jun-93 9:14  grog      [cp]grpob_c detected
30-Jun-93 9:14  grog      [txt]gruoboh_c detected
30-Jun-93 9:14  grog      [sc]grpob_c detected
30-Jun-93 9:14  grog      [txt]grpbom_c detected
30-Jun-93 9:14  grog      [txt]grrmx_c detected
30-Jun-93 9:14  grog      [txt]grmrw3_c detected
30-Jun-93 9:14  grog      [cp]gruoboh_c detected
30-Jun-93 9:14  grog      [sc]gruoboh_c detected
30-Jun-93 9:14  grog      [cp]grpbom_c detected
30-Jun-93 9:14  grog      [sc]grpbom_c detected
30-Jun-93 9:14  grog      [cp]grrmx_c detected
30-Jun-93 9:14  grog      [cp]grmrw3_c detected
30-Jun-93 9:14  grog      [sc]grrmx_c detected
30-Jun-93 9:14  grog      [sc]grmrw3_c detected
30-Jun-93 9:14  grog      [txt]grmrwb_c detected
30-Jun-93 9:14  grog      [txt]grmrx1_c detected
30-Jun-93 9:14  grog      [cp]grmrx1_c detected
30-Jun-93 9:14  grog      [cp]grmrwb_c detected
30-Jun-93 9:14  grog      [sc]grmrx1_c detected
30-Jun-93 9:14  grog      [sc]grmrwb_c detected
30-Jun-93 9:14  grog      [txt]gruwi_c detected
30-Jun-93 9:14  grog      [cp]gruwi_c detected
30-Jun-93 9:14  grog      [txt]grpfill_c detected
30-Jun-93 9:14  grog      [sc]gruwi_c detected
30-Jun-93 9:14  grog      [txt]gruobe_c detected
30-Jun-93 9:14  grog      [cp]grpfill_c detected
30-Jun-93 9:14  grog      [sc]grpfill_c detected
30-Jun-93 9:14  grog      [cp]gruobe_c detected
30-Jun-93 9:14  grog      [sc]gruobe_c detected
30-Jun-93 9:14  grog      [txt]grmbob_c detected
30-Jun-93 9:14  grog      [txt]grrmo_c detected
30-Jun-93 9:14  grog      [cp]grrmo_c detected
30-Jun-93 9:14  grog      [cp]grmbob_c detected
30-Jun-93 9:14  grog      [txt]grmfill_c detected
30-Jun-93 9:14  grog      [sc]grmbob_c detected
30-Jun-93 9:14  grog      [sc]grrmo_c detected
30-Jun-93 9:14  grog      [cp]grmfill_c detected
30-Jun-93 9:14  grog      [sc]grmfill_c detected
30-Jun-93 9:14  grog      [txt]grprst_c detected
30-Jun-93 9:14  grog      [cp]grprst_c detected
30-Jun-93 9:14  grog      [sc]grprst_c detected
30-Jun-93 9:14  grog      [txt]grnrste_c detected
30-Jun-93 9:14  grog      [txt]grmrx2_c detected
30-Jun-93 9:14  grog      [cp]grnrste_c detected
30-Jun-93 9:14  grog      [sc]grnrste_c detected
30-Jun-93 9:14  grog      [txt]grumx2ot_c detected
30-Jun-93 9:14  grog      [txt]grpubob_c detected
30-Jun-93 9:14  grog      [cp]grmrx2_c detected
30-Jun-93 9:14  grog      [sc]grmrx2_c detected
30-Jun-93 9:14  grog      [cp]grumx2ot_c detected
30-Jun-93 9:14  grog      [sc]grumx2ot_c detected
30-Jun-93 9:14  grog      [cp]grpubob_c detected
30-Jun-93 9:14  grog      [sc]grpubob_c detected
30-Jun-93 9:14  grog      [txt]grmli_c detected
30-Jun-93 9:14  grog      [txt]grpmt_c detected
30-Jun-93 9:14  grog      [cp]grmli_c detected
30-Jun-93 9:14  grog      [txt]gruobf_c detected
30-Jun-93 9:14  grog      [sc]grmli_c detected
30-Jun-93 9:14  grog      [cp]grpmt_c detected
30-Jun-93 9:14  grog      [sc]grpmt_c detected
30-Jun-93 9:14  grog      [txt]grpobhtc_c detected
30-Jun-93 9:14  grog      [cp]gruobf_c detected
30-Jun-93 9:14  grog      [sc]gruobf_c detected
30-Jun-93 9:14  grog      [cp]grpobhtc_c detected
30-Jun-93 9:14  grog      [txt]grpobhs_c detected
30-Jun-93 9:14  grog      [sc]grpobhtc_c detected
30-Jun-93 9:14  grog      [txt]grrli_c detected
30-Jun-93 9:14  grog      [cp]grpobhs_c detected
30-Jun-93 9:14  grog      [txt]grpobhc_c detected
30-Jun-93 9:14  grog      [sc]grpobhs_c detected
30-Jun-93 9:14  grog      [db]grol detected
30-Jun-93 9:14  grog      [txt]gruobfe_c detected
30-Jun-93 9:14  grog      [cp]grrli_c detected
30-Jun-93 9:14  grog      [sc]grrli_c detected
30-Jun-93 9:14  grog      [cp]grpobhc_c detected
30-Jun-93 9:14  grog      [sc]grpobhc_c detected
30-Jun-93 9:14  grog      [txt]grmrl_c detected
30-Jun-93 9:14  grog      [cp]gruobfe_c detected
30-Jun-93 9:14  grog      [txt]gruobeh_c detected
30-Jun-93 9:14  grog      [sc]gruobfe_c detected
30-Jun-93 9:14  grog      [txt]grnmht_c detected
30-Jun-93 9:14  grog      [cp]grmrl_c detected
30-Jun-93 9:14  grog      [sc]grmrl_c detected
30-Jun-93 9:14  grog      [cp]gruobeh_c detected
30-Jun-93 9:14  grog      [sc]gruobeh_c detected
30-Jun-93 9:14  grog      [cp]grnmht_c detected
30-Jun-93 9:14  grog      [sc]grnmht_c detected
30-Jun-93 9:14  grog      [txt]gruobeht_c detected
30-Jun-93 9:14  grog      [cp]gruobeht_c detected
30-Jun-93 9:14  grog      [sc]gruobeht_c detected
30-Jun-93 9:14  grog      [txt]grmrst_c detected
30-Jun-93 9:14  grog      [txt]grpick_c detected
30-Jun-93 9:14  grog      [cp]grmrst_c detected
30-Jun-93 9:14  grog      [txt]grbl4_c detected
30-Jun-93 9:14  grog      [sc]grmrst_c detected
30-Jun-93 9:14  grog      [cp]grpick_c detected
30-Jun-93 9:14  grog      [sc]grpick_c detected
30-Jun-93 9:14  grog      [txt]grmrck_c detected
30-Jun-93 9:14  grog      [cp]grbl4_c detected
30-Jun-93 9:14  grog      [sc]grbl4_c detected
30-Jun-93 9:14  grog      [cp]grmrck_c detected
30-Jun-93 9:14  grog      [sc]grmrck_c detected
30-Jun-93 9:14  grog      [txt]grmrbom_c detected
30-Jun-93 9:14  grog      [txt]grmrx3_c detected
30-Jun-93 9:14  grog      [cp]grmrbom_c detected
30-Jun-93 9:14  grog      [sc]grmrbom_c detected
30-Jun-93 9:14  grog      [cp]grmrx3_c detected
30-Jun-93 9:14  grog      [sc]grmrx3_c detected
30-Jun-93 9:14  grog      [txt]grmoth_c detected
30-Jun-93 9:14  grog      [txt]grpfeed_c detected
30-Jun-93 9:14  grog      [cp]grmoth_c detected
30-Jun-93 9:14  grog      [sc]grmoth_c detected
30-Jun-93 9:14  grog      [cp]grpfeed_c detected
30-Jun-93 9:14  grog      [sc]grpfeed_c detected
30-Jun-93 9:14  grog      [txt]grmob_c detected
30-Jun-93 9:14  grog      [txt]grumx2o_c detected
30-Jun-93 9:14  grog      [cp]grmob_c detected
30-Jun-93 9:14  grog      [sc]grmob_c detected
30-Jun-93 9:14  grog      [cp]grumx2o_c detected
30-Jun-93 9:14  grog      [sc]grumx2o_c detected
30-Jun-93 9:14  grog      [txt]grp4_c detected
30-Jun-93 9:14  grog      [cp]grp4_c detected
30-Jun-93 9:14  grog      [sc]grp4_c detected
30-Jun-93 9:14  grog      [txt]grrbt_c detected
30-Jun-93 9:14  grog      [txt]grrob_c detected
30-Jun-93 9:14  grog      [cp]grrbt_c detected
30-Jun-93 9:14  grog      [sc]grrbt_c detected
30-Jun-93 9:14  grog      [cp]grrob_c detected
30-Jun-93 9:14  grog      [sc]grrob_c detected
30-Jun-93 9:14  grog      [txt]gruobo_c detected
30-Jun-93 9:14  grog      [cp]gruobo_c detected
30-Jun-93 9:14  grog      [sc]gruobo_c detected
30-Jun-93 9:14  grog      [txt]grprste_c detected
30-Jun-93 9:14  grog      [txt]grprw0_c detected
30-Jun-93 9:14  grog      [cp]grprste_c detected
30-Jun-93 9:14  grog      [sc]grprste_c detected
30-Jun-93 9:14  grog      [txt]grpfeedh_c detected
30-Jun-93 9:14  grog      [cp]grprw0_c detected
30-Jun-93 9:14  grog      [sc]grprw0_c detected
30-Jun-93 9:14  grog      [txt]grnbs_c detected
30-Jun-93 9:14  grog      [cp]grpfeedh_c detected
30-Jun-93 9:14  grog      [sc]grpfeedh_c detected
30-Jun-93 9:14  grog      [cp]grnbs_c detected
30-Jun-93 9:14  grog      [txt]grpmht_c detected
30-Jun-93 9:14  grog      [sc]grnbs_c detected
30-Jun-93 9:14  grog      [txt]grpf_c detected
30-Jun-93 9:14  grog      [cp]grpmht_c detected
30-Jun-93 9:14  grog      [sc]grpmht_c detected
30-Jun-93 9:14  grog      [txt]grmrick_c detected
30-Jun-93 9:14  grog      [cp]grpf_c detected
30-Jun-93 9:14  grog      [sc]grpf_c detected
30-Jun-93 9:14  grog      [cp]grmrick_c detected
30-Jun-93 9:14  grog      [sc]grmrick_c detected
30-Jun-93 9:14  grog      [txt]grmoebh_c detected
30-Jun-93 9:14  grog      [cp]grmoebh_c detected
30-Jun-93 9:14  grog      [sc]grmoebh_c detected
30-Jun-93 9:14  grog      [txt]grurx1_c detected
30-Jun-93 9:14  grog      [cp]grurx1_c detected
30-Jun-93 9:14  grog      [sc]grurx1_c detected
30-Jun-93 9:14  grog      [txt]grprs_c detected
30-Jun-93 9:14  grog      [txt]grpubht_c detected
30-Jun-93 9:14  grog      [cp]grprs_c detected
30-Jun-93 9:14  grog      [sc]grprs_c detected
30-Jun-93 9:14  grog      [cp]grpubht_c detected
30-Jun-93 9:14  grog      [sc]grpubht_c detected
30-Jun-93 9:14  grog      [txt]grmmt_c detected
30-Jun-93 9:14  grog      [txt]gruoboht_c detected
30-Jun-93 9:14  grog      [cp]grmmt_c detected
30-Jun-93 9:14  grog      [sc]grmmt_c detected
30-Jun-93 9:14  grog      [cp]gruoboht_c detected
30-Jun-93 9:14  grog      [sc]gruoboht_c detected
30-Jun-93 9:14  grog      [txt]grprw1_c detected
30-Jun-93 9:14  grog      [txt]grmrw0_c detected
30-Jun-93 9:14  grog      [txt]grmx4_c detected
30-Jun-93 9:14  grog      [cp]grprw1_c detected
30-Jun-93 9:14  grog      [sc]grprw1_c detected
30-Jun-93 9:14  grog      [txt]grrobh_c detected
30-Jun-93 9:14  grog      [txt]grrmt_c detected
30-Jun-93 9:14  grog      [cp]grmrw0_c detected
30-Jun-93 9:14  grog      [sc]grmrw0_c detected
30-Jun-93 9:14  grog      [cp]grmx4_c detected
30-Jun-93 9:14  grog      [sc]grmx4_c detected
30-Jun-93 9:14  grog      [cp]grrobh_c detected
30-Jun-93 9:14  grog      [cp]grrmt_c detected
30-Jun-93 9:14  grog      [sc]grrobh_c detected
30-Jun-93 9:14  grog      [sc]grrmt_c detected
30-Jun-93 9:14  grog      [txt]grrfeed_c detected
30-Jun-93 9:14  grog      [cp]grrfeed_c detected
30-Jun-93 9:14  grog      [sc]grrfeed_c detected
30-Jun-93 9:14  grog      [txt]grubom_c detected
30-Jun-93 9:14  grog      [txt]grrbs1_c detected
30-Jun-93 9:14  grog      [cp]grubom_c detected
30-Jun-93 9:14  grog      [sc]grubom_c detected
30-Jun-93 9:14  grog      [cp]grrbs1_c detected
30-Jun-93 9:14  grog      [sc]grrbs1_c detected
30-Jun-93 9:14  grog      [txt]grurx2_c detected
30-Jun-93 9:14  grog      [txt]grpubobh_c detected
30-Jun-93 9:14  grog      [txt]gruoebh_c detected
30-Jun-93 9:14  grog      [cp]grurx2_c detected
30-Jun-93 9:14  grog      [sc]grurx2_c detected
30-Jun-93 9:14  grog      [cp]grpubobh_c detected
30-Jun-93 9:14  grog      [sc]grpubobh_c detected
30-Jun-93 9:14  grog      [cp]gruoebh_c detected
30-Jun-93 9:14  grog      [txt]grpubt_c detected
30-Jun-93 9:14  grog      [sc]gruoebh_c detected
30-Jun-93 9:14  grog      [cp]grpubt_c detected
30-Jun-93 9:14  grog      [sc]grpubt_c detected
30-Jun-93 9:14  grog      [txt]grmmot_c detected
30-Jun-93 9:14  grog      [cp]grmmot_c detected
30-Jun-93 9:14  grog      [sc]grmmot_c detected
30-Jun-93 9:14  grog      [txt]grmbs_c detected
30-Jun-93 9:14  grog      [txt]grprw2_c detected
30-Jun-93 9:14  grog      [cp]grmbs_c detected
30-Jun-93 9:14  grog      [sc]grmbs_c detected
30-Jun-93 9:14  grog      [txt]grmrw1_c detected
30-Jun-93 9:14  grog      [cp]grprw2_c detected
30-Jun-93 9:14  grog      [txt]gruobot_c detected
30-Jun-93 9:14  grog      [sc]grprw2_c detected
30-Jun-93 9:14  grog      [txt]grroebh_c detected
30-Jun-93 9:14  grog      [cp]grmrw1_c detected
30-Jun-93 9:14  grog      [sc]grmrw1_c detected
31-May-94 3:39  grog      [cp]grmrw0_c v2 written to /users/outil/grog/dev/grol/grmrw0_c.cp
31-May-94 3:40  grog      [cp]grpbs_c v2 written to /users/outil/grog/dev/grol/grpbs_c.cp
31-May-94 3:41  grog      [cp]grpobhc_c v2 written to /users/outil/grog/dev/grol/grpobhc_c.cp
31-May-94 3:41  grog      [cp]grpobhs_c v2 written to /users/outil/grog/dev/grol/grpobhs_c.cp
31-May-94 3:42  grog      [cp]grprw0_c v2 written to /users/outil/grog/dev/grol/grprw0_c.cp
31-May-94 3:44  grog      [cp]grprx1_c v2 written to /users/outil/grog/dev/grol/grprx1_c.cp
31-May-94 3:46  grog      [cp]gruobeh_c v2 written to /users/outil/grog/dev/grol/gruobeh_c.cp
31-May-94 3:46  grog      [cp]gruobeht_c v2 written to /users/outil/grog/dev/grol/gruobeht_c.cp
31-May-94 3:47  grog      [cp]gruobf_c v2 written to /users/outil/grog/dev/grol/gruobf_c.cp
31-May-94 3:48  grog      [cp]grurx1_c v2 written to /users/outil/grog/dev/grol/grurx1_c.cp
